
Before cleaning:
Tribe of 780 templates

After removing templates with < 3 stations...
Tribe of 766 templates

After removing templates with < 0 valid picks...
Tribe of 766 templates
NOW PROCESSING TIME TAG: 20121001_20121101

Now at 2012-10-01T00:00:00.000000Z...
Stream despiked, resampled, merged and trimmed. Getting party of detections...
Party created, appending. Elapsed time: 0.11 hours

Now at 2012-10-02T00:00:00.000000Z...
Stream despiked, resampled, merged and trimmed. Getting party of detections...
Party created, appending. Elapsed time: 0.22 hours

Now at 2012-10-03T00:00:00.000000Z...
Stream despiked, resampled, merged and trimmed. Getting party of detections...
Party created, appending. Elapsed time: 0.33 hours

Now at 2012-10-04T00:00:00.000000Z...
Stream despiked, resampled, merged and trimmed. Getting party of detections...
Party created, appending. Elapsed time: 0.44 hours

Now at 2012-10-05T00:00:00.000000Z...
Stream despiked, resampled, merged and trimmed. Getting party of detections...
Party created, appending. Elapsed time: 0.55 hours

Now at 2012-10-06T00:00:00.000000Z...
Stream despiked, resampled, merged and trimmed. Getting party of detections...
Party created, appending. Elapsed time: 0.67 hours

Now at 2012-10-07T00:00:00.000000Z...
Stream despiked, resampled, merged and trimmed. Getting party of detections...
Party created, appending. Elapsed time: 0.78 hours

Now at 2012-10-08T00:00:00.000000Z...
Stream despiked, resampled, merged and trimmed. Getting party of detections...
Party created, appending. Elapsed time: 0.88 hours

Now at 2012-10-09T00:00:00.000000Z...
Stream despiked, resampled, merged and trimmed. Getting party of detections...
Party created, appending. Elapsed time: 0.99 hours

Now at 2012-10-10T00:00:00.000000Z...
Stream despiked, resampled, merged and trimmed. Getting party of detections...
Party created, appending. Elapsed time: 1.09 hours

Now at 2012-10-11T00:00:00.000000Z...
Stream despiked, resampled, merged and trimmed. Getting party of detections...
Party created, appending. Elapsed time: 1.20 hours

Now at 2012-10-12T00:00:00.000000Z...
Stream despiked, resampled, merged and trimmed. Getting party of detections...
Party created, appending. Elapsed time: 1.30 hours

Now at 2012-10-13T00:00:00.000000Z...
Stream despiked, resampled, merged and trimmed. Getting party of detections...
Party created, appending. Elapsed time: 1.41 hours

Now at 2012-10-14T00:00:00.000000Z...
Stream despiked, resampled, merged and trimmed. Getting party of detections...
Party created, appending. Elapsed time: 1.51 hours

Now at 2012-10-15T00:00:00.000000Z...
Stream despiked, resampled, merged and trimmed. Getting party of detections...
Party created, appending. Elapsed time: 1.62 hours

Now at 2012-10-16T00:00:00.000000Z...
Stream despiked, resampled, merged and trimmed. Getting party of detections...
Party failed, skipping. Elapsed time: 1.64 hours

Now at 2012-10-17T00:00:00.000000Z...
Stream despiked, resampled, merged and trimmed. Getting party of detections...
Party created, appending. Elapsed time: 1.76 hours

Now at 2012-10-18T00:00:00.000000Z...
Stream despiked, resampled, merged and trimmed. Getting party of detections...
Party created, appending. Elapsed time: 1.88 hours

Now at 2012-10-19T00:00:00.000000Z...
Stream despiked, resampled, merged and trimmed. Getting party of detections...
Party created, appending. Elapsed time: 2.01 hours

Now at 2012-10-20T00:00:00.000000Z...
Stream despiked, resampled, merged and trimmed. Getting party of detections...
Party created, appending. Elapsed time: 2.13 hours

Now at 2012-10-21T00:00:00.000000Z...
Stream despiked, resampled, merged and trimmed. Getting party of detections...
Party created, appending. Elapsed time: 2.25 hours

Now at 2012-10-22T00:00:00.000000Z...
Stream despiked, resampled, merged and trimmed. Getting party of detections...
Party created, appending. Elapsed time: 2.37 hours

Now at 2012-10-23T00:00:00.000000Z...
Stream despiked, resampled, merged and trimmed. Getting party of detections...
Party created, appending. Elapsed time: 2.47 hours

Now at 2012-10-24T00:00:00.000000Z...
Stream despiked, resampled, merged and trimmed. Getting party of detections...
Party created, appending. Elapsed time: 2.61 hours

Now at 2012-10-25T00:00:00.000000Z...
Stream despiked, resampled, merged and trimmed. Getting party of detections...
Party created, appending. Elapsed time: 2.72 hours

Now at 2012-10-26T00:00:00.000000Z...
Stream despiked, resampled, merged and trimmed. Getting party of detections...
Party created, appending. Elapsed time: 2.84 hours

Now at 2012-10-27T00:00:00.000000Z...
Stream despiked, resampled, merged and trimmed. Getting party of detections...
Party created, appending. Elapsed time: 2.96 hours

Now at 2012-10-28T00:00:00.000000Z...
Stream despiked, resampled, merged and trimmed. Getting party of detections...
Party created, appending. Elapsed time: 3.07 hours

Now at 2012-10-29T00:00:00.000000Z...
Stream despiked, resampled, merged and trimmed. Getting party of detections...
Party created, appending. Elapsed time: 3.19 hours

Now at 2012-10-30T00:00:00.000000Z...
Stream despiked, resampled, merged and trimmed. Getting party of detections...
Party created, appending. Elapsed time: 3.32 hours

Now at 2012-10-31T00:00:00.000000Z...
Stream despiked, resampled, merged and trimmed. Getting party of detections...
Party created, appending. Elapsed time: 3.44 hours

Party creation complete. Time taken: 3.44 hours
Filtering away detections anchored by too little stations...
Declustering party with leftover detections...

Now processing FI and magnitudes of relocatable catalog...

Calculating FIs...
Count of successful FI computations:
1 (Index [i,j] = [0,0])
2 (Index [i,j] = [0,1])
3 (Index [i,j] = [0,2])
4 (Index [i,j] = [0,3])
5 (Index [i,j] = [0,4])
6 (Index [i,j] = [0,5])
7 (Index [i,j] = [0,6])
8 (Index [i,j] = [0,7])
9 (Index [i,j] = [0,8])
10 (Index [i,j] = [0,9])
11 (Index [i,j] = [0,10])
12 (Index [i,j] = [0,11])
13 (Index [i,j] = [0,12])
14 (Index [i,j] = [0,13])
15 (Index [i,j] = [0,14])
16 (Index [i,j] = [0,15])
17 (Index [i,j] = [0,16])
18 (Index [i,j] = [0,17])
19 (Index [i,j] = [0,18])
20 (Index [i,j] = [0,19])
21 (Index [i,j] = [0,20])
22 (Index [i,j] = [0,21])
23 (Index [i,j] = [0,22])
24 (Index [i,j] = [0,23])
25 (Index [i,j] = [0,24])
26 (Index [i,j] = [0,25])
27 (Index [i,j] = [0,26])
28 (Index [i,j] = [0,27])
29 (Index [i,j] = [0,28])
30 (Index [i,j] = [0,29])
31 (Index [i,j] = [0,30])
32 (Index [i,j] = [0,31])
33 (Index [i,j] = [0,32])
34 (Index [i,j] = [0,33])
35 (Index [i,j] = [0,34])
36 (Index [i,j] = [0,35])
37 (Index [i,j] = [0,36])
38 (Index [i,j] = [0,37])
39 (Index [i,j] = [0,38])
40 (Index [i,j] = [0,39])
41 (Index [i,j] = [0,40])
42 (Index [i,j] = [0,41])
43 (Index [i,j] = [0,42])
44 (Index [i,j] = [0,43])
45 (Index [i,j] = [0,44])
46 (Index [i,j] = [0,45])
47 (Index [i,j] = [0,46])
48 (Index [i,j] = [0,47])
49 (Index [i,j] = [0,48])
50 (Index [i,j] = [0,49])
51 (Index [i,j] = [0,50])
52 (Index [i,j] = [0,51])
53 (Index [i,j] = [0,52])
54 (Index [i,j] = [0,53])
55 (Index [i,j] = [0,54])
56 (Index [i,j] = [0,55])
57 (Index [i,j] = [0,56])
58 (Index [i,j] = [0,57])
59 (Index [i,j] = [0,58])
60 (Index [i,j] = [0,59])
61 (Index [i,j] = [0,60])
62 (Index [i,j] = [0,61])
63 (Index [i,j] = [0,62])
64 (Index [i,j] = [0,63])
65 (Index [i,j] = [0,64])
66 (Index [i,j] = [0,65])
67 (Index [i,j] = [0,66])
68 (Index [i,j] = [0,67])
69 (Index [i,j] = [0,68])
70 (Index [i,j] = [0,69])
71 (Index [i,j] = [0,70])
72 (Index [i,j] = [0,71])
73 (Index [i,j] = [0,72])
74 (Index [i,j] = [0,73])
75 (Index [i,j] = [0,74])
76 (Index [i,j] = [0,75])
77 (Index [i,j] = [0,76])
78 (Index [i,j] = [0,77])
79 (Index [i,j] = [0,78])
80 (Index [i,j] = [0,79])
81 (Index [i,j] = [0,80])
82 (Index [i,j] = [0,81])
83 (Index [i,j] = [0,82])
84 (Index [i,j] = [0,83])
85 (Index [i,j] = [0,84])
86 (Index [i,j] = [0,85])
87 (Index [i,j] = [0,86])
88 (Index [i,j] = [0,87])
89 (Index [i,j] = [0,88])
90 (Index [i,j] = [0,89])
91 (Index [i,j] = [0,90])
92 (Index [i,j] = [0,91])
93 (Index [i,j] = [0,92])
94 (Index [i,j] = [0,93])
95 (Index [i,j] = [0,94])
96 (Index [i,j] = [0,95])
97 (Index [i,j] = [0,96])
98 (Index [i,j] = [0,97])
99 (Index [i,j] = [0,98])
100 (Index [i,j] = [0,99])
101 (Index [i,j] = [0,100])
102 (Index [i,j] = [0,101])
103 (Index [i,j] = [0,102])
104 (Index [i,j] = [0,103])
105 (Index [i,j] = [0,104])
106 (Index [i,j] = [0,105])
107 (Index [i,j] = [0,106])
108 (Index [i,j] = [0,107])
109 (Index [i,j] = [0,108])
110 (Index [i,j] = [0,109])
111 (Index [i,j] = [0,110])
112 (Index [i,j] = [0,111])
113 (Index [i,j] = [0,112])
114 (Index [i,j] = [0,113])
115 (Index [i,j] = [0,114])
116 (Index [i,j] = [0,115])
117 (Index [i,j] = [0,116])
118 (Index [i,j] = [0,117])
119 (Index [i,j] = [0,118])
120 (Index [i,j] = [0,119])
121 (Index [i,j] = [0,120])
122 (Index [i,j] = [0,121])
123 (Index [i,j] = [0,122])
124 (Index [i,j] = [0,123])
125 (Index [i,j] = [0,124])
126 (Index [i,j] = [0,125])
127 (Index [i,j] = [0,126])
128 (Index [i,j] = [0,127])
129 (Index [i,j] = [0,128])
130 (Index [i,j] = [0,129])
131 (Index [i,j] = [0,130])
132 (Index [i,j] = [0,131])
133 (Index [i,j] = [0,132])
134 (Index [i,j] = [0,133])
135 (Index [i,j] = [0,134])
136 (Index [i,j] = [0,135])
137 (Index [i,j] = [0,136])
138 (Index [i,j] = [0,137])
139 (Index [i,j] = [0,138])
140 (Index [i,j] = [0,139])
141 (Index [i,j] = [0,140])
142 (Index [i,j] = [0,141])
143 (Index [i,j] = [0,142])
144 (Index [i,j] = [0,143])
145 (Index [i,j] = [0,144])
146 (Index [i,j] = [0,145])
147 (Index [i,j] = [0,146])
148 (Index [i,j] = [0,147])
149 (Index [i,j] = [0,148])
150 (Index [i,j] = [0,149])
151 (Index [i,j] = [0,150])
152 (Index [i,j] = [0,151])
153 (Index [i,j] = [0,152])
154 (Index [i,j] = [0,153])
155 (Index [i,j] = [0,154])
156 (Index [i,j] = [0,155])
157 (Index [i,j] = [0,156])
158 (Index [i,j] = [0,157])
159 (Index [i,j] = [0,158])
160 (Index [i,j] = [0,159])
161 (Index [i,j] = [0,160])
162 (Index [i,j] = [0,161])
163 (Index [i,j] = [0,162])
164 (Index [i,j] = [0,163])
165 (Index [i,j] = [0,164])
166 (Index [i,j] = [0,165])
167 (Index [i,j] = [0,166])
168 (Index [i,j] = [0,167])
169 (Index [i,j] = [0,168])
170 (Index [i,j] = [0,169])
171 (Index [i,j] = [0,170])
172 (Index [i,j] = [0,171])
173 (Index [i,j] = [0,172])
174 (Index [i,j] = [0,173])
175 (Index [i,j] = [0,174])
176 (Index [i,j] = [0,175])
177 (Index [i,j] = [0,176])
178 (Index [i,j] = [0,177])
179 (Index [i,j] = [0,178])
180 (Index [i,j] = [0,179])
181 (Index [i,j] = [0,180])
182 (Index [i,j] = [0,181])
183 (Index [i,j] = [0,182])
184 (Index [i,j] = [0,183])
185 (Index [i,j] = [0,184])
186 (Index [i,j] = [0,185])
187 (Index [i,j] = [0,186])
188 (Index [i,j] = [0,187])
189 (Index [i,j] = [0,188])
190 (Index [i,j] = [0,189])
191 (Index [i,j] = [0,190])
192 (Index [i,j] = [0,191])
193 (Index [i,j] = [1,0])
194 (Index [i,j] = [1,1])
195 (Index [i,j] = [1,2])
196 (Index [i,j] = [1,3])
197 (Index [i,j] = [1,4])
198 (Index [i,j] = [1,5])
199 (Index [i,j] = [1,6])
200 (Index [i,j] = [2,0])
201 (Index [i,j] = [2,1])
202 (Index [i,j] = [2,2])
203 (Index [i,j] = [2,3])
204 (Index [i,j] = [2,4])
205 (Index [i,j] = [2,5])
206 (Index [i,j] = [2,6])
207 (Index [i,j] = [2,7])
208 (Index [i,j] = [2,8])
209 (Index [i,j] = [2,9])
210 (Index [i,j] = [2,10])
211 (Index [i,j] = [2,11])
212 (Index [i,j] = [2,12])
213 (Index [i,j] = [2,13])
214 (Index [i,j] = [2,14])
215 (Index [i,j] = [2,15])
216 (Index [i,j] = [2,16])
217 (Index [i,j] = [2,17])
218 (Index [i,j] = [2,18])
219 (Index [i,j] = [2,19])
220 (Index [i,j] = [2,20])
221 (Index [i,j] = [2,21])
222 (Index [i,j] = [2,22])
223 (Index [i,j] = [2,23])
224 (Index [i,j] = [2,24])
225 (Index [i,j] = [2,25])
226 (Index [i,j] = [2,26])
227 (Index [i,j] = [2,27])
228 (Index [i,j] = [2,28])
229 (Index [i,j] = [2,29])
230 (Index [i,j] = [2,30])
231 (Index [i,j] = [5,0])
232 (Index [i,j] = [5,1])
233 (Index [i,j] = [5,2])
234 (Index [i,j] = [5,3])
235 (Index [i,j] = [5,4])
236 (Index [i,j] = [5,5])
237 (Index [i,j] = [5,6])
238 (Index [i,j] = [6,0])
239 (Index [i,j] = [6,1])
240 (Index [i,j] = [6,2])
241 (Index [i,j] = [6,3])
242 (Index [i,j] = [6,4])
243 (Index [i,j] = [6,5])
244 (Index [i,j] = [6,6])
245 (Index [i,j] = [6,7])
246 (Index [i,j] = [7,0])
247 (Index [i,j] = [7,1])
248 (Index [i,j] = [7,2])
249 (Index [i,j] = [7,3])
250 (Index [i,j] = [7,4])
251 (Index [i,j] = [7,5])
252 (Index [i,j] = [7,6])
253 (Index [i,j] = [9,0])
254 (Index [i,j] = [9,1])
255 (Index [i,j] = [9,2])
256 (Index [i,j] = [9,3])
257 (Index [i,j] = [9,4])
258 (Index [i,j] = [9,5])
259 (Index [i,j] = [9,6])
260 (Index [i,j] = [9,7])
261 (Index [i,j] = [9,8])
262 (Index [i,j] = [9,9])
263 (Index [i,j] = [10,0])
264 (Index [i,j] = [10,1])
265 (Index [i,j] = [10,2])
266 (Index [i,j] = [10,3])
267 (Index [i,j] = [10,4])
268 (Index [i,j] = [10,5])
269 (Index [i,j] = [10,6])
270 (Index [i,j] = [10,7])
271 (Index [i,j] = [10,8])
272 (Index [i,j] = [10,9])
273 (Index [i,j] = [10,10])
274 (Index [i,j] = [10,11])
275 (Index [i,j] = [10,12])
276 (Index [i,j] = [10,13])
277 (Index [i,j] = [10,14])
278 (Index [i,j] = [10,15])
279 (Index [i,j] = [10,16])
280 (Index [i,j] = [14,0])
281 (Index [i,j] = [14,1])
282 (Index [i,j] = [14,2])
283 (Index [i,j] = [14,3])
284 (Index [i,j] = [14,4])
285 (Index [i,j] = [14,5])
286 (Index [i,j] = [14,6])
287 (Index [i,j] = [14,7])
288 (Index [i,j] = [14,8])
289 (Index [i,j] = [14,9])
290 (Index [i,j] = [14,10])
291 (Index [i,j] = [14,11])
292 (Index [i,j] = [14,12])
293 (Index [i,j] = [14,13])
/home/ptan/anaconda3/envs/enhance_catalog/lib/python3.8/site-packages/obspy/io/mseed/core.py:840: UserWarning: File will be written with more than one different record lengths.
This might have a negative influence on the compatibility with other programs.
  warnings.warn(msg % 'record lengths')
294 (Index [i,j] = [14,14])
295 (Index [i,j] = [14,15])
296 (Index [i,j] = [14,16])
297 (Index [i,j] = [14,17])
298 (Index [i,j] = [14,18])
299 (Index [i,j] = [14,19])
300 (Index [i,j] = [14,20])
301 (Index [i,j] = [14,21])
302 (Index [i,j] = [14,22])
303 (Index [i,j] = [14,23])
304 (Index [i,j] = [14,24])
305 (Index [i,j] = [14,25])
306 (Index [i,j] = [14,26])
307 (Index [i,j] = [14,27])
308 (Index [i,j] = [14,28])
309 (Index [i,j] = [14,29])
310 (Index [i,j] = [14,30])
311 (Index [i,j] = [14,31])
312 (Index [i,j] = [16,0])
313 (Index [i,j] = [16,1])
314 (Index [i,j] = [16,2])
315 (Index [i,j] = [16,3])
316 (Index [i,j] = [16,4])
317 (Index [i,j] = [16,5])
318 (Index [i,j] = [16,6])
319 (Index [i,j] = [16,7])
320 (Index [i,j] = [16,8])
321 (Index [i,j] = [16,9])
322 (Index [i,j] = [16,10])
323 (Index [i,j] = [16,11])
324 (Index [i,j] = [19,0])
325 (Index [i,j] = [19,1])
326 (Index [i,j] = [19,2])
327 (Index [i,j] = [19,3])
328 (Index [i,j] = [19,4])
329 (Index [i,j] = [19,5])
330 (Index [i,j] = [19,6])
331 (Index [i,j] = [19,7])
332 (Index [i,j] = [19,8])
333 (Index [i,j] = [19,9])
334 (Index [i,j] = [19,10])
Inserting FI=None for 2012_10_06t12_33_41_20121006T123341.340000. Sub stream object is empty.
335 (Index [i,j] = [19,12])
336 (Index [i,j] = [19,13])
337 (Index [i,j] = [19,14])
338 (Index [i,j] = [19,15])
339 (Index [i,j] = [27,0])
340 (Index [i,j] = [27,1])
341 (Index [i,j] = [27,2])
342 (Index [i,j] = [27,3])
343 (Index [i,j] = [27,4])
344 (Index [i,j] = [27,5])
345 (Index [i,j] = [27,6])
346 (Index [i,j] = [27,7])
347 (Index [i,j] = [27,8])
348 (Index [i,j] = [27,9])
349 (Index [i,j] = [27,10])
350 (Index [i,j] = [27,11])
351 (Index [i,j] = [27,12])
352 (Index [i,j] = [27,13])
353 (Index [i,j] = [27,14])
354 (Index [i,j] = [27,15])
355 (Index [i,j] = [27,16])
356 (Index [i,j] = [35,0])
357 (Index [i,j] = [35,1])
358 (Index [i,j] = [35,2])
359 (Index [i,j] = [35,3])
360 (Index [i,j] = [36,0])
361 (Index [i,j] = [36,1])
362 (Index [i,j] = [36,2])
363 (Index [i,j] = [36,3])
364 (Index [i,j] = [36,4])
365 (Index [i,j] = [37,0])
366 (Index [i,j] = [37,1])
367 (Index [i,j] = [37,2])
368 (Index [i,j] = [37,3])
369 (Index [i,j] = [37,4])
370 (Index [i,j] = [40,0])
371 (Index [i,j] = [40,1])
372 (Index [i,j] = [40,2])
373 (Index [i,j] = [40,3])
374 (Index [i,j] = [40,4])
375 (Index [i,j] = [40,5])
376 (Index [i,j] = [44,0])
377 (Index [i,j] = [44,1])
378 (Index [i,j] = [48,0])
379 (Index [i,j] = [48,1])
380 (Index [i,j] = [48,2])
381 (Index [i,j] = [48,3])
382 (Index [i,j] = [48,4])
383 (Index [i,j] = [48,5])
384 (Index [i,j] = [48,6])
385 (Index [i,j] = [72,0])
386 (Index [i,j] = [72,1])
387 (Index [i,j] = [72,2])
388 (Index [i,j] = [72,3])
389 (Index [i,j] = [72,4])
390 (Index [i,j] = [72,5])
391 (Index [i,j] = [73,0])
392 (Index [i,j] = [73,1])
393 (Index [i,j] = [73,2])
394 (Index [i,j] = [73,3])
395 (Index [i,j] = [92,0])
396 (Index [i,j] = [92,1])
397 (Index [i,j] = [94,0])
398 (Index [i,j] = [94,1])
399 (Index [i,j] = [94,2])
400 (Index [i,j] = [94,3])
401 (Index [i,j] = [94,4])
402 (Index [i,j] = [94,5])
403 (Index [i,j] = [94,6])
404 (Index [i,j] = [94,7])
405 (Index [i,j] = [94,8])
406 (Index [i,j] = [94,9])
407 (Index [i,j] = [94,10])
408 (Index [i,j] = [94,11])
409 (Index [i,j] = [94,12])
410 (Index [i,j] = [94,13])
411 (Index [i,j] = [94,14])
412 (Index [i,j] = [94,15])
413 (Index [i,j] = [94,16])
414 (Index [i,j] = [94,17])
415 (Index [i,j] = [94,18])
416 (Index [i,j] = [94,19])
417 (Index [i,j] = [94,20])
418 (Index [i,j] = [94,21])
419 (Index [i,j] = [113,0])
420 (Index [i,j] = [113,1])
421 (Index [i,j] = [113,2])
422 (Index [i,j] = [113,3])
423 (Index [i,j] = [113,4])
424 (Index [i,j] = [113,5])
425 (Index [i,j] = [119,0])
426 (Index [i,j] = [119,1])
427 (Index [i,j] = [119,2])
428 (Index [i,j] = [119,3])
429 (Index [i,j] = [119,4])
430 (Index [i,j] = [119,5])
431 (Index [i,j] = [119,6])
432 (Index [i,j] = [121,0])
433 (Index [i,j] = [121,1])
434 (Index [i,j] = [124,0])
435 (Index [i,j] = [124,1])
436 (Index [i,j] = [124,2])
437 (Index [i,j] = [124,3])
438 (Index [i,j] = [124,4])
439 (Index [i,j] = [130,0])
440 (Index [i,j] = [130,1])
441 (Index [i,j] = [130,2])
442 (Index [i,j] = [130,3])
443 (Index [i,j] = [130,4])
444 (Index [i,j] = [130,5])
445 (Index [i,j] = [130,6])
446 (Index [i,j] = [130,7])
447 (Index [i,j] = [130,8])
448 (Index [i,j] = [130,9])
449 (Index [i,j] = [130,10])
450 (Index [i,j] = [130,11])
451 (Index [i,j] = [130,12])
452 (Index [i,j] = [130,13])
453 (Index [i,j] = [142,0])
454 (Index [i,j] = [142,1])
455 (Index [i,j] = [142,2])
456 (Index [i,j] = [198,0])
457 (Index [i,j] = [198,1])
458 (Index [i,j] = [198,2])
459 (Index [i,j] = [202,0])
460 (Index [i,j] = [202,1])

FIs calculated. Now calculating magnitudes...

Calculating relative magnitudes...
Count of successful magnitude computations:
Traceback (most recent call last):
  File "scan_data_mammoth.py", line 328, in <module>
    relocatable_catalog = calculate_relative_magnitudes(relocatable_catalog, tribe, data_dir, noise_window, signal_window,
  File "/home/ptan/enhance_catalog/toolbox.py", line 1534, in calculate_relative_magnitudes
    trace.filter(type='bandpass', freqmin=lowcut, freqmax=highcut, corners=filt_order, zerophase=True)
NameError: name 'lowcut' is not defined
